<?xml version="1.0" encoding="UTF-8"?>
<testsuite xmlns:xsi="http://www.w3.org/2001/XMLSchema-instance" xsi:noNamespaceSchemaLocation="https://maven.apache.org/surefire/maven-surefire-plugin/xsd/surefire-test-report.xsd" name="TestSuite" time="0.235" tests="1" errors="0" skipped="0" failures="0">
  <properties>
    <property name="gopherProxySet" value="false"/>
    <property name="awt.toolkit" value="sun.lwawt.macosx.LWCToolkit"/>
    <property name="java.specification.version" value="11"/>
    <property name="sun.cpu.isalist" value=""/>
    <property name="sun.jnu.encoding" value="UTF-8"/>
    <property name="java.class.path" value="/Users/kumarrohit/eclipse-workspace/com.org.sdet.selenium/target/test-classes:/Users/kumarrohit/eclipse-workspace/com.org.sdet.selenium/target/classes:/Users/kumarrohit/.m2/repository/junit/junit/4.11/junit-4.11.jar:/Users/kumarrohit/.m2/repository/org/hamcrest/hamcrest-core/1.3/hamcrest-core-1.3.jar:/Users/kumarrohit/.m2/repository/org/seleniumhq/selenium/selenium-java/3.141.59/selenium-java-3.141.59.jar:/Users/kumarrohit/.m2/repository/org/seleniumhq/selenium/selenium-api/3.141.59/selenium-api-3.141.59.jar:/Users/kumarrohit/.m2/repository/org/seleniumhq/selenium/selenium-chrome-driver/3.141.59/selenium-chrome-driver-3.141.59.jar:/Users/kumarrohit/.m2/repository/org/seleniumhq/selenium/selenium-edge-driver/3.141.59/selenium-edge-driver-3.141.59.jar:/Users/kumarrohit/.m2/repository/org/seleniumhq/selenium/selenium-firefox-driver/3.141.59/selenium-firefox-driver-3.141.59.jar:/Users/kumarrohit/.m2/repository/org/seleniumhq/selenium/selenium-ie-driver/3.141.59/selenium-ie-driver-3.141.59.jar:/Users/kumarrohit/.m2/repository/org/seleniumhq/selenium/selenium-opera-driver/3.141.59/selenium-opera-driver-3.141.59.jar:/Users/kumarrohit/.m2/repository/org/seleniumhq/selenium/selenium-remote-driver/3.141.59/selenium-remote-driver-3.141.59.jar:/Users/kumarrohit/.m2/repository/org/seleniumhq/selenium/selenium-safari-driver/3.141.59/selenium-safari-driver-3.141.59.jar:/Users/kumarrohit/.m2/repository/org/seleniumhq/selenium/selenium-support/3.141.59/selenium-support-3.141.59.jar:/Users/kumarrohit/.m2/repository/net/bytebuddy/byte-buddy/1.8.15/byte-buddy-1.8.15.jar:/Users/kumarrohit/.m2/repository/org/apache/commons/commons-exec/1.3/commons-exec-1.3.jar:/Users/kumarrohit/.m2/repository/com/google/guava/guava/25.0-jre/guava-25.0-jre.jar:/Users/kumarrohit/.m2/repository/com/google/code/findbugs/jsr305/1.3.9/jsr305-1.3.9.jar:/Users/kumarrohit/.m2/repository/org/checkerframework/checker-compat-qual/2.0.0/checker-compat-qual-2.0.0.jar:/Users/kumarrohit/.m2/repository/com/google/errorprone/error_prone_annotations/2.1.3/error_prone_annotations-2.1.3.jar:/Users/kumarrohit/.m2/repository/com/google/j2objc/j2objc-annotations/1.1/j2objc-annotations-1.1.jar:/Users/kumarrohit/.m2/repository/org/codehaus/mojo/animal-sniffer-annotations/1.14/animal-sniffer-annotations-1.14.jar:/Users/kumarrohit/.m2/repository/com/squareup/okhttp3/okhttp/3.11.0/okhttp-3.11.0.jar:/Users/kumarrohit/.m2/repository/com/squareup/okio/okio/1.14.0/okio-1.14.0.jar:/Users/kumarrohit/.m2/repository/org/testng/testng/6.11/testng-6.11.jar:/Users/kumarrohit/.m2/repository/com/beust/jcommander/1.64/jcommander-1.64.jar:/Users/kumarrohit/.m2/repository/org/yaml/snakeyaml/1.17/snakeyaml-1.17.jar:/Users/kumarrohit/.m2/repository/com/aventstack/extentreports/3.0.0/extentreports-3.0.0.jar:/Users/kumarrohit/.m2/repository/org/freemarker/freemarker/2.3.23/freemarker-2.3.23.jar:/Users/kumarrohit/.m2/repository/org/mongodb/mongodb-driver/3.3.0/mongodb-driver-3.3.0.jar:/Users/kumarrohit/.m2/repository/org/mongodb/bson/3.3.0/bson-3.3.0.jar:/Users/kumarrohit/.m2/repository/org/mongodb/mongodb-driver-core/3.3.0/mongodb-driver-core-3.3.0.jar:/Users/kumarrohit/.m2/repository/org/apache/httpcomponents/httpclient/4.5.2/httpclient-4.5.2.jar:/Users/kumarrohit/.m2/repository/org/apache/httpcomponents/httpcore/4.4.4/httpcore-4.4.4.jar:/Users/kumarrohit/.m2/repository/commons-logging/commons-logging/1.2/commons-logging-1.2.jar:/Users/kumarrohit/.m2/repository/org/apache/httpcomponents/httpmime/4.5.2/httpmime-4.5.2.jar:/Users/kumarrohit/.m2/repository/org/apache/poi/poi/3.9/poi-3.9.jar:/Users/kumarrohit/.m2/repository/commons-codec/commons-codec/1.5/commons-codec-1.5.jar:/Users/kumarrohit/.m2/repository/org/apache/poi/poi-ooxml/3.9/poi-ooxml-3.9.jar:/Users/kumarrohit/.m2/repository/dom4j/dom4j/1.6.1/dom4j-1.6.1.jar:/Users/kumarrohit/.m2/repository/xml-apis/xml-apis/1.0.b2/xml-apis-1.0.b2.jar:/Users/kumarrohit/.m2/repository/org/apache/poi/poi-ooxml-schemas/3.9/poi-ooxml-schemas-3.9.jar:/Users/kumarrohit/.m2/repository/org/apache/xmlbeans/xmlbeans/2.3.0/xmlbeans-2.3.0.jar:/Users/kumarrohit/.m2/repository/stax/stax-api/1.0.1/stax-api-1.0.1.jar:/Users/kumarrohit/.m2/repository/org/apache/poi/poi-scratchpad/3.9/poi-scratchpad-3.9.jar:/Users/kumarrohit/.m2/repository/org/apache/poi/ooxml-schemas/1.1/ooxml-schemas-1.1.jar:/Users/kumarrohit/.m2/repository/org/apache/poi/openxml4j/1.0-beta/openxml4j-1.0-beta.jar:/Users/kumarrohit/.m2/repository/log4j/log4j/1.2.8/log4j-1.2.8.jar:/Users/kumarrohit/.m2/repository/com/relevantcodes/extentreports/2.41.2/extentreports-2.41.2.jar:/Users/kumarrohit/.m2/repository/org/jsoup/jsoup/1.8.3/jsoup-1.8.3.jar:/Users/kumarrohit/.m2/repository/org/xerial/sqlite-jdbc/3.8.11.1/sqlite-jdbc-3.8.11.1.jar:/Users/kumarrohit/.m2/repository/commons-io/commons-io/2.6/commons-io-2.6.jar:"/>
    <property name="java.vm.vendor" value="Amazon.com Inc."/>
    <property name="sun.arch.data.model" value="64"/>
    <property name="java.vendor.url" value="https://aws.amazon.com/corretto/"/>
    <property name="user.timezone" value=""/>
    <property name="java.vm.specification.version" value="11"/>
    <property name="os.name" value="Mac OS X"/>
    <property name="sun.java.launcher" value="SUN_STANDARD"/>
    <property name="user.country" value="GB"/>
    <property name="sun.boot.library.path" value="/Library/Java/JavaVirtualMachines/amazon-corretto-11.jdk/Contents/Home/lib"/>
    <property name="sun.java.command" value="/Users/kumarrohit/eclipse-workspace/com.org.sdet.selenium/target/surefire/surefirebooter5058605458603057329.jar /Users/kumarrohit/eclipse-workspace/com.org.sdet.selenium/target/surefire 2021-02-28T02-20-57_513-jvmRun1 surefire17164476122460610841tmp surefire_01326596772559786747tmp"/>
    <property name="http.nonProxyHosts" value="local|*.local|169.254/16|*.169.254/16"/>
    <property name="jdk.debug" value="release"/>
    <property name="surefire.test.class.path" value="/Users/kumarrohit/eclipse-workspace/com.org.sdet.selenium/target/test-classes:/Users/kumarrohit/eclipse-workspace/com.org.sdet.selenium/target/classes:/Users/kumarrohit/.m2/repository/junit/junit/4.11/junit-4.11.jar:/Users/kumarrohit/.m2/repository/org/hamcrest/hamcrest-core/1.3/hamcrest-core-1.3.jar:/Users/kumarrohit/.m2/repository/org/seleniumhq/selenium/selenium-java/3.141.59/selenium-java-3.141.59.jar:/Users/kumarrohit/.m2/repository/org/seleniumhq/selenium/selenium-api/3.141.59/selenium-api-3.141.59.jar:/Users/kumarrohit/.m2/repository/org/seleniumhq/selenium/selenium-chrome-driver/3.141.59/selenium-chrome-driver-3.141.59.jar:/Users/kumarrohit/.m2/repository/org/seleniumhq/selenium/selenium-edge-driver/3.141.59/selenium-edge-driver-3.141.59.jar:/Users/kumarrohit/.m2/repository/org/seleniumhq/selenium/selenium-firefox-driver/3.141.59/selenium-firefox-driver-3.141.59.jar:/Users/kumarrohit/.m2/repository/org/seleniumhq/selenium/selenium-ie-driver/3.141.59/selenium-ie-driver-3.141.59.jar:/Users/kumarrohit/.m2/repository/org/seleniumhq/selenium/selenium-opera-driver/3.141.59/selenium-opera-driver-3.141.59.jar:/Users/kumarrohit/.m2/repository/org/seleniumhq/selenium/selenium-remote-driver/3.141.59/selenium-remote-driver-3.141.59.jar:/Users/kumarrohit/.m2/repository/org/seleniumhq/selenium/selenium-safari-driver/3.141.59/selenium-safari-driver-3.141.59.jar:/Users/kumarrohit/.m2/repository/org/seleniumhq/selenium/selenium-support/3.141.59/selenium-support-3.141.59.jar:/Users/kumarrohit/.m2/repository/net/bytebuddy/byte-buddy/1.8.15/byte-buddy-1.8.15.jar:/Users/kumarrohit/.m2/repository/org/apache/commons/commons-exec/1.3/commons-exec-1.3.jar:/Users/kumarrohit/.m2/repository/com/google/guava/guava/25.0-jre/guava-25.0-jre.jar:/Users/kumarrohit/.m2/repository/com/google/code/findbugs/jsr305/1.3.9/jsr305-1.3.9.jar:/Users/kumarrohit/.m2/repository/org/checkerframework/checker-compat-qual/2.0.0/checker-compat-qual-2.0.0.jar:/Users/kumarrohit/.m2/repository/com/google/errorprone/error_prone_annotations/2.1.3/error_prone_annotations-2.1.3.jar:/Users/kumarrohit/.m2/repository/com/google/j2objc/j2objc-annotations/1.1/j2objc-annotations-1.1.jar:/Users/kumarrohit/.m2/repository/org/codehaus/mojo/animal-sniffer-annotations/1.14/animal-sniffer-annotations-1.14.jar:/Users/kumarrohit/.m2/repository/com/squareup/okhttp3/okhttp/3.11.0/okhttp-3.11.0.jar:/Users/kumarrohit/.m2/repository/com/squareup/okio/okio/1.14.0/okio-1.14.0.jar:/Users/kumarrohit/.m2/repository/org/testng/testng/6.11/testng-6.11.jar:/Users/kumarrohit/.m2/repository/com/beust/jcommander/1.64/jcommander-1.64.jar:/Users/kumarrohit/.m2/repository/org/yaml/snakeyaml/1.17/snakeyaml-1.17.jar:/Users/kumarrohit/.m2/repository/com/aventstack/extentreports/3.0.0/extentreports-3.0.0.jar:/Users/kumarrohit/.m2/repository/org/freemarker/freemarker/2.3.23/freemarker-2.3.23.jar:/Users/kumarrohit/.m2/repository/org/mongodb/mongodb-driver/3.3.0/mongodb-driver-3.3.0.jar:/Users/kumarrohit/.m2/repository/org/mongodb/bson/3.3.0/bson-3.3.0.jar:/Users/kumarrohit/.m2/repository/org/mongodb/mongodb-driver-core/3.3.0/mongodb-driver-core-3.3.0.jar:/Users/kumarrohit/.m2/repository/org/apache/httpcomponents/httpclient/4.5.2/httpclient-4.5.2.jar:/Users/kumarrohit/.m2/repository/org/apache/httpcomponents/httpcore/4.4.4/httpcore-4.4.4.jar:/Users/kumarrohit/.m2/repository/commons-logging/commons-logging/1.2/commons-logging-1.2.jar:/Users/kumarrohit/.m2/repository/org/apache/httpcomponents/httpmime/4.5.2/httpmime-4.5.2.jar:/Users/kumarrohit/.m2/repository/org/apache/poi/poi/3.9/poi-3.9.jar:/Users/kumarrohit/.m2/repository/commons-codec/commons-codec/1.5/commons-codec-1.5.jar:/Users/kumarrohit/.m2/repository/org/apache/poi/poi-ooxml/3.9/poi-ooxml-3.9.jar:/Users/kumarrohit/.m2/repository/dom4j/dom4j/1.6.1/dom4j-1.6.1.jar:/Users/kumarrohit/.m2/repository/xml-apis/xml-apis/1.0.b2/xml-apis-1.0.b2.jar:/Users/kumarrohit/.m2/repository/org/apache/poi/poi-ooxml-schemas/3.9/poi-ooxml-schemas-3.9.jar:/Users/kumarrohit/.m2/repository/org/apache/xmlbeans/xmlbeans/2.3.0/xmlbeans-2.3.0.jar:/Users/kumarrohit/.m2/repository/stax/stax-api/1.0.1/stax-api-1.0.1.jar:/Users/kumarrohit/.m2/repository/org/apache/poi/poi-scratchpad/3.9/poi-scratchpad-3.9.jar:/Users/kumarrohit/.m2/repository/org/apache/poi/ooxml-schemas/1.1/ooxml-schemas-1.1.jar:/Users/kumarrohit/.m2/repository/org/apache/poi/openxml4j/1.0-beta/openxml4j-1.0-beta.jar:/Users/kumarrohit/.m2/repository/log4j/log4j/1.2.8/log4j-1.2.8.jar:/Users/kumarrohit/.m2/repository/com/relevantcodes/extentreports/2.41.2/extentreports-2.41.2.jar:/Users/kumarrohit/.m2/repository/org/jsoup/jsoup/1.8.3/jsoup-1.8.3.jar:/Users/kumarrohit/.m2/repository/org/xerial/sqlite-jdbc/3.8.11.1/sqlite-jdbc-3.8.11.1.jar:/Users/kumarrohit/.m2/repository/commons-io/commons-io/2.6/commons-io-2.6.jar:"/>
    <property name="sun.cpu.endian" value="little"/>
    <property name="user.home" value="/Users/kumarrohit"/>
    <property name="user.language" value="en"/>
    <property name="java.specification.vendor" value="Oracle Corporation"/>
    <property name="java.version.date" value="2021-01-19"/>
    <property name="java.home" value="/Library/Java/JavaVirtualMachines/amazon-corretto-11.jdk/Contents/Home"/>
    <property name="file.separator" value="/"/>
    <property name="basedir" value="/Users/kumarrohit/eclipse-workspace/com.org.sdet.selenium"/>
    <property name="java.vm.compressedOopsMode" value="Zero based"/>
    <property name="line.separator" value="&#10;"/>
    <property name="java.specification.name" value="Java Platform API Specification"/>
    <property name="java.vm.specification.vendor" value="Oracle Corporation"/>
    <property name="java.awt.graphicsenv" value="sun.awt.CGraphicsEnvironment"/>
    <property name="surefire.real.class.path" value="/Users/kumarrohit/eclipse-workspace/com.org.sdet.selenium/target/surefire/surefirebooter5058605458603057329.jar"/>
    <property name="sun.management.compiler" value="HotSpot 64-Bit Tiered Compilers"/>
    <property name="ftp.nonProxyHosts" value="local|*.local|169.254/16|*.169.254/16"/>
    <property name="java.runtime.version" value="11.0.10+9-LTS"/>
    <property name="user.name" value="kumarrohit"/>
    <property name="path.separator" value=":"/>
    <property name="os.version" value="10.16"/>
    <property name="java.runtime.name" value="OpenJDK Runtime Environment"/>
    <property name="file.encoding" value="UTF-8"/>
    <property name="java.vm.name" value="OpenJDK 64-Bit Server VM"/>
    <property name="java.vendor.version" value="Corretto-11.0.10.9.1"/>
    <property name="localRepository" value="/Users/kumarrohit/.m2/repository"/>
    <property name="java.vendor.url.bug" value="https://github.com/corretto/corretto-11/issues/"/>
    <property name="java.io.tmpdir" value="/var/folders/34/lb_j9m1j4cs3z3tbf6fbg5wc0000gn/T/"/>
    <property name="java.version" value="11.0.10"/>
    <property name="user.dir" value="/Users/kumarrohit/eclipse-workspace/com.org.sdet.selenium"/>
    <property name="os.arch" value="x86_64"/>
    <property name="java.vm.specification.name" value="Java Virtual Machine Specification"/>
    <property name="java.awt.printerjob" value="sun.lwawt.macosx.CPrinterJob"/>
    <property name="sun.os.patch.level" value="unknown"/>
    <property name="java.library.path" value="/Users/kumarrohit/Library/Java/Extensions:/Library/Java/Extensions:/Network/Library/Java/Extensions:/System/Library/Java/Extensions:/usr/lib/java:."/>
    <property name="java.vm.info" value="mixed mode"/>
    <property name="java.vendor" value="Amazon.com Inc."/>
    <property name="java.vm.version" value="11.0.10+9-LTS"/>
    <property name="sun.io.unicode.encoding" value="UnicodeBig"/>
    <property name="java.class.version" value="55.0"/>
    <property name="socksNonProxyHosts" value="local|*.local|169.254/16|*.169.254/16"/>
  </properties>
  <testcase name="shouldAnswerWithTrue on shouldAnswerWithTrue(com.org.sdet.selenium.com.org.sdet.selenium.AppTest)" classname="com.org.sdet.selenium.com.org.sdet.selenium.AppTest" time="0.002"/>
</testsuite>