<?xml version="1.0" encoding="UTF-8"?>
<!-- Generated by org.testng.reporters.JUnitReportReporter -->
<testsuite hostname="Kumars-MacBook-Pro.local" failures="0" tests="1" name="com.org.sdet.selenium.com.org.sdet.selenium.AppTest" time="0.004" errors="0" timestamp="28 Feb 2021 02:20:58 GMT" skipped="0">
  <testcase classname="com.org.sdet.selenium.com.org.sdet.selenium.AppTest" name="shouldAnswerWithTrue" time="0.004"/>
</testsuite> <!-- com.org.sdet.selenium.com.org.sdet.selenium.AppTest -->
